[2024-08-05 20:31:36,501: INFO: main: welcome to the logs]
[2024-08-06 15:36:51,622: ERROR: common: Config file does not exist at path: config\config.yaml]
[2024-08-06 15:39:21,348: ERROR: common: Config file does not exist at path: config\config.yaml]
[2024-08-06 15:40:03,510: ERROR: common: Config file does not exist at path: config\config.yaml]
[2024-08-06 15:40:28,645: ERROR: common: Config file does not exist at path: config\config.yaml]
[2024-08-06 15:41:31,711: ERROR: common: Config file does not exist at path: config\config.yaml]
[2024-08-06 15:42:21,283: ERROR: common: Config file does not exist at path: config\config.yaml]
[2024-08-06 15:47:02,251: ERROR: common: Config file does not exist at path: config\config.yaml]
[2024-08-06 15:48:18,585: ERROR: common: Config file does not exist at path: config\config.yaml]
[2024-08-06 15:49:09,544: ERROR: common: Config file does not exist at path: config\config.yaml]
[2024-08-06 15:58:47,617: INFO: common: yaml_file: {path_to_yaml} load successfully]
[2024-08-06 15:58:47,625: ERROR: common: YAML file is empty]
[2024-08-06 16:00:07,580: INFO: common: yaml_file: {path_to_yaml} load successfully]
[2024-08-06 16:00:07,580: INFO: common: Directory already exists: artifacts]
[2024-08-06 16:00:07,584: INFO: common: Directory already exists: artifacts\data_ingestion]
[2024-08-06 16:03:10,751: INFO: common: yaml_file: {path_to_yaml} load successfully]
[2024-08-06 16:03:10,751: INFO: common: Directory already exists: artifacts]
[2024-08-06 16:03:10,751: INFO: common: Directory already exists: artifacts\data_ingestion]
[2024-08-06 16:04:48,356: INFO: common: yaml_file: {path_to_yaml} load successfully]
[2024-08-06 16:04:48,362: INFO: common: Directory already exists: artifacts]
[2024-08-06 16:04:48,363: INFO: common: Directory already exists: artifacts\data_ingestion]
[2024-08-06 16:04:53,705: INFO: common: yaml_file: {path_to_yaml} load successfully]
[2024-08-06 16:04:53,705: INFO: common: Directory already exists: artifacts]
[2024-08-06 16:04:53,711: INFO: common: Directory already exists: artifacts\data_ingestion]
[2024-08-06 16:43:30,234: INFO: common: yaml_file: {path_to_yaml} load successfully]
[2024-08-06 16:43:30,236: INFO: common: Directory already exists: artifacts]
[2024-08-06 16:43:30,237: INFO: common: Directory already exists: artifacts\data_ingestion]
